#
# A fatal error has been detected by the Java Runtime Environment:
#
#  EXCEPTION_ACCESS_VIOLATION (0xc0000005) at pc=0x00007ff86bb0b3c5, pid=16956, tid=8664
#
# JRE version: OpenJDK Runtime Environment Temurin-11.0.14.1+1 (11.0.14.1+1) (build 11.0.14.1+1)
# Java VM: OpenJDK 64-Bit Server VM Temurin-11.0.14.1+1 (11.0.14.1+1, mixed mode, tiered, compressed oops, g1 gc, windows-amd64)
# Problematic frame:
# V  [jvm.dll+0x11b3c5]
#
# No core dump will be written. Minidumps are not enabled by default on client versions of Windows
#
# If you would like to submit a bug report, please visit:
#   https://github.com/adoptium/adoptium-support/issues
#

---------------  S U M M A R Y ------------

Command Line: -Dfile.encoding=UTF-8 org.gradle.launcher.GradleMain -Dorg.gradle.jvmargs=-Xmx4096m --stop

Host: Intel(R) Core(TM) i5-8300H CPU @ 2.30GHz, 8 cores, 15G,  Windows 10 , 64 bit Build 19041 (10.0.19041.3570)
Time: Thu Nov  9 17:06:45 2023 Финляндия (зима) elapsed time: 0.948667 seconds (0d 0h 0m 0s)

---------------  T H R E A D  ---------------

Current thread (0x000002a32afe5000):  JavaThread "C2 CompilerThread1" daemon [_thread_in_native, id=8664, stack(0x000000c8e8300000,0x000000c8e8400000)]


Current CompileTask:
C2:    948 1025       4       jdk.internal.util.jar.JarIndex::get (49 bytes)

Stack: [0x000000c8e8300000,0x000000c8e8400000],  sp=0x000000c8e83fb670,  free space=1005k
Native frames: (J=compiled Java code, j=interpreted, Vv=VM code, C=native code)
V  [jvm.dll+0x11b3c5]
V  [jvm.dll+0x11b7e3]
V  [jvm.dll+0x11b224]
V  [jvm.dll+0x623aee]
V  [jvm.dll+0x208f62]
V  [jvm.dll+0x207ded]
V  [jvm.dll+0x18a2c1]
V  [jvm.dll+0x217734]
V  [jvm.dll+0x21597b]
V  [jvm.dll+0x76d7c0]
V  [jvm.dll+0x766724]
V  [jvm.dll+0x61d3f6]
C  [ucrtbase.dll+0x21bb2]
C  [KERNEL32.DLL+0x17344]
C  [ntdll.dll+0x526b1]


siginfo: EXCEPTION_ACCESS_VIOLATION (0xc0000005), reading address 0x0000000000000000


Register to memory mapping:

RIP=0x00007ff86bb0b3c5 jvm.dll
RAX=0x000002a32bfcdf08 points into unknown readable memory: 0x000002a32b6d3f30 | 30 3f 6d 2b a3 02 00 00
RBX=0x0000000000001278 is an unknown value
RCX=0x0 is NULL
RDX=0x000002a32b796000 points into unknown readable memory: 0x00000000c0c30030 | 30 00 c3 c0 00 00 00 00
RSP=0x000000c8e83fb670 is pointing into the stack for thread: 0x000002a32afe5000
RBP=0x000000000000024f is an unknown value
RSI=0x0000000000000247 is an unknown value
RDI=0x0 is NULL
R8 =0x0000000000000018 is an unknown value
R9 =0x00007ff86b9f0000 jvm.dll
R10=0x000002a32b2343c8 points into unknown readable memory: 0x000002a32b6d3f30 | 30 3f 6d 2b a3 02 00 00
R11=0x000002a32bfcdf08 points into unknown readable memory: 0x000002a32b6d3f30 | 30 3f 6d 2b a3 02 00 00
R12=0x000002a32b6d6490 points into unknown readable memory: 0x00007ff86c225dd8 | d8 5d 22 6c f8 7f 00 00
R13=0x0000000000000008 is an unknown value
R14=0x000002a32bfcf240 points into unknown readable memory: 0x0000000100000000 | 00 00 00 00 01 00 00 00
R15=0x000002a32b6d6490 points into unknown readable memory: 0x00007ff86c225dd8 | d8 5d 22 6c f8 7f 00 00


Registers:
RAX=0x000002a32bfcdf08, RBX=0x0000000000001278, RCX=0x0000000000000000, RDX=0x000002a32b796000
RSP=0x000000c8e83fb670, RBP=0x000000000000024f, RSI=0x0000000000000247, RDI=0x0000000000000000
R8 =0x0000000000000018, R9 =0x00007ff86b9f0000, R10=0x000002a32b2343c8, R11=0x000002a32bfcdf08
R12=0x000002a32b6d6490, R13=0x0000000000000008, R14=0x000002a32bfcf240, R15=0x000002a32b6d6490
RIP=0x00007ff86bb0b3c5, EFLAGS=0x0000000000010206

Top of Stack: (sp=0x000000c8e83fb670)
0x000000c8e83fb670:   00000000000000b0 0000000000000016
0x000000c8e83fb680:   000000000000000a 000000000000000c
0x000000c8e83fb690:   000000c800008000 0000000000001278
0x000000c8e83fb6a0:   000000000000049e 000000000000024f
0x000000c8e83fb6b0:   000002a32b6185b0 0000000000000003
0x000000c8e83fb6c0:   000002a32b1997a0 0000000000000260
0x000000c8e83fb6d0:   000000c8e83fbcc0 0000000000000010
0x000000c8e83fb6e0:   00000000ffffffff 000002a32bfcf210
0x000000c8e83fb6f0:   000000000000000a 000002a32b407c90
0x000000c8e83fb700:   000002a32b6d6490 00007ff86bb0b7e3
0x000000c8e83fb710:   000002a32bfcf210 000002a300000018
0x000000c8e83fb720:   0000000000000260 000000c8e83fbcc0
0x000000c8e83fb730:   000002a32b796000 00007ff86bb0c1c2
0x000000c8e83fb740:   000002a32ae0a260 000002a32b6c27d0
0x000000c8e83fb750:   000002a32b797b70 000002a32bfcf210
0x000000c8e83fb760:   000002a32b6c2678 0000000000000002 

Instructions: (pc=0x00007ff86bb0b3c5)
0x00007ff86bb0b2c5:   e2 41 8b 79 50 33 d2 41 8b d8 89 bc 24 a8 00 00
0x00007ff86bb0b2d5:   00 44 8b a8 38 0c 00 00 44 2b 2d 1c bf 95 00 8d
0x00007ff86bb0b2e5:   4a 10 e8 44 0a 56 00 33 f6 48 85 c0 74 12 45 8b
0x00007ff86bb0b2f5:   c5 8b d7 48 8b c8 e8 a0 05 4f 00 4c 8b f0 eb 03
0x00007ff86bb0b305:   4c 8b f6 41 8b 44 24 2c 4d 8b fc 83 e0 1f 49 8b
0x00007ff86bb0b315:   cc 3c 1e 49 8b 04 24 4c 0f 45 fe ff 90 88 00 00
0x00007ff86bb0b325:   00 48 89 44 24 40 8b ee 85 db 0f 8e ee 03 00 00
0x00007ff86bb0b335:   48 8b 94 24 c0 00 00 00 4c 8d 0d bc 4c ee ff b9
0x00007ff86bb0b345:   01 00 00 00 48 89 74 24 30 48 8b de 89 4c 24 20
0x00007ff86bb0b355:   48 8b c6 48 89 5c 24 28 48 89 44 24 38 48 c1 f8
0x00007ff86bb0b365:   05 85 0c 82 0f 84 80 03 00 00 48 8b 0d 8a be 95
0x00007ff86bb0b375:   00 83 fd ff 74 0e 3b e9 7d 0e 4a 8b b4 0b 10 95
0x00007ff86bb0b385:   a3 00 eb 29 3b e9 7c 1e 8b c5 2b c1 41 3b c5 7d
0x00007ff86bb0b395:   0a 03 c7 48 63 f0 48 03 f1 eb 12 41 2b c5 48 63
0x00007ff86bb0b3a5:   f0 48 03 f1 eb 07 48 c7 c6 ff ff ff ff 48 8b 84
0x00007ff86bb0b3b5:   24 a0 00 00 00 48 8b 40 08 48 8b 3c 03 48 8b cf
0x00007ff86bb0b3c5:   48 8b 07 ff 50 28 4c 8d 0d 2e 4c ee ff 48 8b d0
0x00007ff86bb0b3d5:   4c 63 40 10 49 8b c8 48 c1 e1 05 42 80 bc 09 30
0x00007ff86bb0b3e5:   f3 a5 00 00 0f 84 3a 02 00 00 40 f6 c5 01 0f 85
0x00007ff86bb0b3f5:   e7 02 00 00 48 8b ce 81 e1 ff 3f 00 00 48 3b f1
0x00007ff86bb0b405:   74 43 48 8b 84 24 b8 00 00 00 48 8d 15 d2 30 76
0x00007ff86bb0b415:   00 80 3d 7e 78 92 00 00 41 0f 94 c0 48 8b 58 10
0x00007ff86bb0b425:   48 8b 8b 58 01 00 00 e8 4f be 08 00 48 8d 15 b0
0x00007ff86bb0b435:   30 76 00 48 8b cb e8 d0 66 0f 00 48 8b 5c 24 28
0x00007ff86bb0b445:   e9 8f 02 00 00 83 78 24 00 75 56 4d 85 ff 74 41
0x00007ff86bb0b455:   49 8b 47 78 48 8b 48 18 8b 51 18 b9 05 00 00 00
0x00007ff86bb0b465:   3b d1 76 2d 4d 8b 47 08 0f 1f 00 8b c1 49 39 3c
0x00007ff86bb0b475:   c0 74 16 ff c1 3b ca 72 f2 48 8b d6 49 8b ce e8
0x00007ff86bb0b485:   d7 16 4f 00 e9 4b 02 00 00 3b ca 0f 82 4a 02 00
0x00007ff86bb0b495:   00 48 8b d6 49 8b ce e8 bf 16 4f 00 e9 33 02 00
0x00007ff86bb0b4a5:   00 48 8b 4c 24 40 e8 30 4a 07 00 41 8b 54 24 18
0x00007ff86bb0b4b5:   8b d8 3b c2 73 14 4d 8b 44 24 08 8b cb 49 39 3c 


Stack slot to memory mapping:
stack at sp + 0 slots: 0x00000000000000b0 is an unknown value
stack at sp + 1 slots: 0x0000000000000016 is an unknown value
stack at sp + 2 slots: 0x000000000000000a is an unknown value
stack at sp + 3 slots: 0x000000000000000c is an unknown value
stack at sp + 4 slots: 0x000000c800008000 is an unknown value
stack at sp + 5 slots: 0x0000000000001278 is an unknown value
stack at sp + 6 slots: 0x000000000000049e is an unknown value
stack at sp + 7 slots: 0x000000000000024f is an unknown value


---------------  P R O C E S S  ---------------

Threads class SMR info:
_java_thread_list=0x000002a32bb68fd0, length=13, elements={
0x000002a3065ed000, 0x000002a32ab58000, 0x000002a32ab5b000, 0x000002a32abba800,
0x000002a32abbd800, 0x000002a32abbf000, 0x000002a32abc4000, 0x000002a32abc4800,
0x000002a32abc5800, 0x000002a32ad3f800, 0x000002a32afe5000, 0x000002a32afec000,
0x000002a32bba6800
}

Java Threads: ( => current thread )
  0x000002a3065ed000 JavaThread "main" [_thread_in_vm, id=23660, stack(0x000000c8e7200000,0x000000c8e7300000)]
  0x000002a32ab58000 JavaThread "Reference Handler" daemon [_thread_blocked, id=21424, stack(0x000000c8e7900000,0x000000c8e7a00000)]
  0x000002a32ab5b000 JavaThread "Finalizer" daemon [_thread_blocked, id=16988, stack(0x000000c8e7a00000,0x000000c8e7b00000)]
  0x000002a32abba800 JavaThread "Signal Dispatcher" daemon [_thread_blocked, id=21200, stack(0x000000c8e7b00000,0x000000c8e7c00000)]
  0x000002a32abbd800 JavaThread "Attach Listener" daemon [_thread_blocked, id=24268, stack(0x000000c8e7c00000,0x000000c8e7d00000)]
  0x000002a32abbf000 JavaThread "Service Thread" daemon [_thread_blocked, id=15336, stack(0x000000c8e7d00000,0x000000c8e7e00000)]
  0x000002a32abc4000 JavaThread "C2 CompilerThread0" daemon [_thread_in_native, id=21136, stack(0x000000c8e7e00000,0x000000c8e7f00000)]
  0x000002a32abc4800 JavaThread "C1 CompilerThread0" daemon [_thread_in_native, id=7536, stack(0x000000c8e7f00000,0x000000c8e8000000)]
  0x000002a32abc5800 JavaThread "Sweeper thread" daemon [_thread_blocked, id=19080, stack(0x000000c8e8000000,0x000000c8e8100000)]
  0x000002a32ad3f800 JavaThread "Common-Cleaner" daemon [_thread_blocked, id=14244, stack(0x000000c8e8200000,0x000000c8e8300000)]
=>0x000002a32afe5000 JavaThread "C2 CompilerThread1" daemon [_thread_in_native, id=8664, stack(0x000000c8e8300000,0x000000c8e8400000)]
  0x000002a32afec000 JavaThread "C2 CompilerThread2" daemon [_thread_in_native, id=12636, stack(0x000000c8e8400000,0x000000c8e8500000)]
  0x000002a32bba6800 JavaThread "pool-1-thread-1" [_thread_blocked, id=12384, stack(0x000000c8e8a00000,0x000000c8e8b00000)]

Other Threads:
  0x000002a32ab32800 VMThread "VM Thread" [stack: 0x000000c8e7800000,0x000000c8e7900000] [id=13084]
  0x000002a32ad35000 WatcherThread [stack: 0x000000c8e8100000,0x000000c8e8200000] [id=11604]
  0x000002a306607000 GCTaskThread "GC Thread#0" [stack: 0x000000c8e7300000,0x000000c8e7400000] [id=21532]
  0x000002a32b373800 GCTaskThread "GC Thread#1" [stack: 0x000000c8e8500000,0x000000c8e8600000] [id=8404]
  0x000002a32b374800 GCTaskThread "GC Thread#2" [stack: 0x000000c8e8600000,0x000000c8e8700000] [id=22312]
  0x000002a32b371000 GCTaskThread "GC Thread#3" [stack: 0x000000c8e8700000,0x000000c8e8800000] [id=18100]
  0x000002a32b372000 GCTaskThread "GC Thread#4" [stack: 0x000000c8e8800000,0x000000c8e8900000] [id=18196]
  0x000002a32b372800 GCTaskThread "GC Thread#5" [stack: 0x000000c8e8900000,0x000000c8e8a00000] [id=4468]
  0x000002a306664800 ConcurrentGCThread "G1 Main Marker" [stack: 0x000000c8e7400000,0x000000c8e7500000] [id=9220]
  0x000002a306666800 ConcurrentGCThread "G1 Conc#0" [stack: 0x000000c8e7500000,0x000000c8e7600000] [id=22104]
  0x000002a329f6d000 ConcurrentGCThread "G1 Refine#0" [stack: 0x000000c8e7600000,0x000000c8e7700000] [id=16512]
  0x000002a329f6e000 ConcurrentGCThread "G1 Young RemSet Sampling" [stack: 0x000000c8e7700000,0x000000c8e7800000] [id=20548]

Threads with active compile tasks:
C2 CompilerThread0   1005 1214   !   4       java.util.AbstractList$Itr::next (45 bytes)
C1 CompilerThread0   1005 1217       3       jdk.internal.jimage.ImageStringsReader::charsFromByteBuffer (186 bytes)
C2 CompilerThread1   1005 1025       4       jdk.internal.util.jar.JarIndex::get (49 bytes)
C2 CompilerThread2   1005 1218       4       java.lang.String::<init> (10 bytes)

VM state:not at safepoint (normal execution)

VM Mutex/Monitor currently owned by a thread: None

Heap address: 0x0000000702600000, size: 4058 MB, Compressed Oops mode: Zero based, Oop shift amount: 3
Narrow klass base: 0x0000000800000000, Narrow klass shift: 0
Compressed class space size: 1073741824 Address: 0x0000000800000000

Heap:
 garbage-first heap   total 260096K, used 33586K [0x0000000702600000, 0x0000000800000000)
  region size 1024K, 28 young (28672K), 3 survivors (3072K)
 Metaspace       used 13134K, capacity 13413K, committed 13696K, reserved 1060864K
  class space    used 1462K, capacity 1538K, committed 1664K, reserved 1048576K
Heap Regions: E=young(eden), S=young(survivor), O=old, HS=humongous(starts), HC=humongous(continues), CS=collection set, F=free, A=archive, TAMS=top-at-mark-start (previous, next)
|   0|0x0000000702600000, 0x0000000702600000, 0x0000000702700000|  0%| F|  |TAMS 0x0000000702600000, 0x0000000702600000| Untracked 
|   1|0x0000000702700000, 0x0000000702700000, 0x0000000702800000|  0%| F|  |TAMS 0x0000000702700000, 0x0000000702700000| Untracked 
|   2|0x0000000702800000, 0x0000000702800000, 0x0000000702900000|  0%| F|  |TAMS 0x0000000702800000, 0x0000000702800000| Untracked 
|   3|0x0000000702900000, 0x0000000702a00000, 0x0000000702a00000|100%|HS|  |TAMS 0x0000000702900000, 0x0000000702900000| Complete 
|   4|0x0000000702a00000, 0x0000000702b00000, 0x0000000702b00000|100%|HC|  |TAMS 0x0000000702a00000, 0x0000000702a00000| Complete 
|   5|0x0000000702b00000, 0x0000000702c00000, 0x0000000702c00000|100%|HC|  |TAMS 0x0000000702b00000, 0x0000000702b00000| Complete 
|   6|0x0000000702c00000, 0x0000000702d00000, 0x0000000702d00000|100%| O|  |TAMS 0x0000000702c00000, 0x0000000702c00000| Untracked 
|   7|0x0000000702d00000, 0x0000000702e00000, 0x0000000702e00000|100%| O|  |TAMS 0x0000000702d00000, 0x0000000702d00000| Untracked 
|   8|0x0000000702e00000, 0x0000000702ecc800, 0x0000000702f00000| 79%| O|  |TAMS 0x0000000702e00000, 0x0000000702e00000| Untracked 
|   9|0x0000000702f00000, 0x0000000702f00000, 0x0000000703000000|  0%| F|  |TAMS 0x0000000702f00000, 0x0000000702f00000| Untracked 
|  10|0x0000000703000000, 0x0000000703000000, 0x0000000703100000|  0%| F|  |TAMS 0x0000000703000000, 0x0000000703000000| Untracked 
|  11|0x0000000703100000, 0x0000000703100000, 0x0000000703200000|  0%| F|  |TAMS 0x0000000703100000, 0x0000000703100000| Untracked 
|  12|0x0000000703200000, 0x0000000703200000, 0x0000000703300000|  0%| F|  |TAMS 0x0000000703200000, 0x0000000703200000| Untracked 
|  13|0x0000000703300000, 0x0000000703300000, 0x0000000703400000|  0%| F|  |TAMS 0x0000000703300000, 0x0000000703300000| Untracked 
|  14|0x0000000703400000, 0x0000000703400000, 0x0000000703500000|  0%| F|  |TAMS 0x0000000703400000, 0x0000000703400000| Untracked 
|  15|0x0000000703500000, 0x0000000703500000, 0x0000000703600000|  0%| F|  |TAMS 0x0000000703500000, 0x0000000703500000| Untracked 
|  16|0x0000000703600000, 0x0000000703600000, 0x0000000703700000|  0%| F|  |TAMS 0x0000000703600000, 0x0000000703600000| Untracked 
|  17|0x0000000703700000, 0x0000000703700000, 0x0000000703800000|  0%| F|  |TAMS 0x0000000703700000, 0x0000000703700000| Untracked 
|  18|0x0000000703800000, 0x0000000703800000, 0x0000000703900000|  0%| F|  |TAMS 0x0000000703800000, 0x0000000703800000| Untracked 
|  19|0x0000000703900000, 0x0000000703900000, 0x0000000703a00000|  0%| F|  |TAMS 0x0000000703900000, 0x0000000703900000| Untracked 
|  20|0x0000000703a00000, 0x0000000703a00000, 0x0000000703b00000|  0%| F|  |TAMS 0x0000000703a00000, 0x0000000703a00000| Untracked 
|  21|0x0000000703b00000, 0x0000000703b00000, 0x0000000703c00000|  0%| F|  |TAMS 0x0000000703b00000, 0x0000000703b00000| Untracked 
|  22|0x0000000703c00000, 0x0000000703c00000, 0x0000000703d00000|  0%| F|  |TAMS 0x0000000703c00000, 0x0000000703c00000| Untracked 
|  23|0x0000000703d00000, 0x0000000703d00000, 0x0000000703e00000|  0%| F|  |TAMS 0x0000000703d00000, 0x0000000703d00000| Untracked 
|  24|0x0000000703e00000, 0x0000000703e00000, 0x0000000703f00000|  0%| F|  |TAMS 0x0000000703e00000, 0x0000000703e00000| Untracked 
|  25|0x0000000703f00000, 0x0000000703f00000, 0x0000000704000000|  0%| F|  |TAMS 0x0000000703f00000, 0x0000000703f00000| Untracked 
|  26|0x0000000704000000, 0x0000000704000000, 0x0000000704100000|  0%| F|  |TAMS 0x0000000704000000, 0x0000000704000000| Untracked 
|  27|0x0000000704100000, 0x0000000704100000, 0x0000000704200000|  0%| F|  |TAMS 0x0000000704100000, 0x0000000704100000| Untracked 
|  28|0x0000000704200000, 0x0000000704200000, 0x0000000704300000|  0%| F|  |TAMS 0x0000000704200000, 0x0000000704200000| Untracked 
|  29|0x0000000704300000, 0x0000000704300000, 0x0000000704400000|  0%| F|  |TAMS 0x0000000704300000, 0x0000000704300000| Untracked 
|  30|0x0000000704400000, 0x0000000704400000, 0x0000000704500000|  0%| F|  |TAMS 0x0000000704400000, 0x0000000704400000| Untracked 
|  31|0x0000000704500000, 0x0000000704500000, 0x0000000704600000|  0%| F|  |TAMS 0x0000000704500000, 0x0000000704500000| Untracked 
|  32|0x0000000704600000, 0x0000000704600000, 0x0000000704700000|  0%| F|  |TAMS 0x0000000704600000, 0x0000000704600000| Untracked 
|  33|0x0000000704700000, 0x0000000704700000, 0x0000000704800000|  0%| F|  |TAMS 0x0000000704700000, 0x0000000704700000| Untracked 
|  34|0x0000000704800000, 0x0000000704800000, 0x0000000704900000|  0%| F|  |TAMS 0x0000000704800000, 0x0000000704800000| Untracked 
|  35|0x0000000704900000, 0x0000000704900000, 0x0000000704a00000|  0%| F|  |TAMS 0x0000000704900000, 0x0000000704900000| Untracked 
|  36|0x0000000704a00000, 0x0000000704a00000, 0x0000000704b00000|  0%| F|  |TAMS 0x0000000704a00000, 0x0000000704a00000| Untracked 
|  37|0x0000000704b00000, 0x0000000704b00000, 0x0000000704c00000|  0%| F|  |TAMS 0x0000000704b00000, 0x0000000704b00000| Untracked 
|  38|0x0000000704c00000, 0x0000000704c00000, 0x0000000704d00000|  0%| F|  |TAMS 0x0000000704c00000, 0x0000000704c00000| Untracked 
|  39|0x0000000704d00000, 0x0000000704d00000, 0x0000000704e00000|  0%| F|  |TAMS 0x0000000704d00000, 0x0000000704d00000| Untracked 
|  40|0x0000000704e00000, 0x0000000704e00000, 0x0000000704f00000|  0%| F|  |TAMS 0x0000000704e00000, 0x0000000704e00000| Untracked 
|  41|0x0000000704f00000, 0x0000000704f00000, 0x0000000705000000|  0%| F|  |TAMS 0x0000000704f00000, 0x0000000704f00000| Untracked 
|  42|0x0000000705000000, 0x0000000705000000, 0x0000000705100000|  0%| F|  |TAMS 0x0000000705000000, 0x0000000705000000| Untracked 
|  43|0x0000000705100000, 0x0000000705100000, 0x0000000705200000|  0%| F|  |TAMS 0x0000000705100000, 0x0000000705100000| Untracked 
|  44|0x0000000705200000, 0x0000000705200000, 0x0000000705300000|  0%| F|  |TAMS 0x0000000705200000, 0x0000000705200000| Untracked 
|  45|0x0000000705300000, 0x0000000705300000, 0x0000000705400000|  0%| F|  |TAMS 0x0000000705300000, 0x0000000705300000| Untracked 
|  46|0x0000000705400000, 0x0000000705400000, 0x0000000705500000|  0%| F|  |TAMS 0x0000000705400000, 0x0000000705400000| Untracked 
|  47|0x0000000705500000, 0x0000000705500000, 0x0000000705600000|  0%| F|  |TAMS 0x0000000705500000, 0x0000000705500000| Untracked 
|  48|0x0000000705600000, 0x0000000705600000, 0x0000000705700000|  0%| F|  |TAMS 0x0000000705600000, 0x0000000705600000| Untracked 
|  49|0x0000000705700000, 0x0000000705700000, 0x0000000705800000|  0%| F|  |TAMS 0x0000000705700000, 0x0000000705700000| Untracked 
|  50|0x0000000705800000, 0x0000000705800000, 0x0000000705900000|  0%| F|  |TAMS 0x0000000705800000, 0x0000000705800000| Untracked 
|  51|0x0000000705900000, 0x0000000705900000, 0x0000000705a00000|  0%| F|  |TAMS 0x0000000705900000, 0x0000000705900000| Untracked 
|  52|0x0000000705a00000, 0x0000000705a00000, 0x0000000705b00000|  0%| F|  |TAMS 0x0000000705a00000, 0x0000000705a00000| Untracked 
|  53|0x0000000705b00000, 0x0000000705b00000, 0x0000000705c00000|  0%| F|  |TAMS 0x0000000705b00000, 0x0000000705b00000| Untracked 
|  54|0x0000000705c00000, 0x0000000705c00000, 0x0000000705d00000|  0%| F|  |TAMS 0x0000000705c00000, 0x0000000705c00000| Untracked 
|  55|0x0000000705d00000, 0x0000000705d00000, 0x0000000705e00000|  0%| F|  |TAMS 0x0000000705d00000, 0x0000000705d00000| Untracked 
|  56|0x0000000705e00000, 0x0000000705e00000, 0x0000000705f00000|  0%| F|  |TAMS 0x0000000705e00000, 0x0000000705e00000| Untracked 
|  57|0x0000000705f00000, 0x0000000705f00000, 0x0000000706000000|  0%| F|  |TAMS 0x0000000705f00000, 0x0000000705f00000| Untracked 
|  58|0x0000000706000000, 0x0000000706000000, 0x0000000706100000|  0%| F|  |TAMS 0x0000000706000000, 0x0000000706000000| Untracked 
|  59|0x0000000706100000, 0x0000000706100000, 0x0000000706200000|  0%| F|  |TAMS 0x0000000706100000, 0x0000000706100000| Untracked 
|  60|0x0000000706200000, 0x0000000706200000, 0x0000000706300000|  0%| F|  |TAMS 0x0000000706200000, 0x0000000706200000| Untracked 
|  61|0x0000000706300000, 0x0000000706300000, 0x0000000706400000|  0%| F|  |TAMS 0x0000000706300000, 0x0000000706300000| Untracked 
|  62|0x0000000706400000, 0x0000000706400000, 0x0000000706500000|  0%| F|  |TAMS 0x0000000706400000, 0x0000000706400000| Untracked 
|  63|0x0000000706500000, 0x0000000706500000, 0x0000000706600000|  0%| F|  |TAMS 0x0000000706500000, 0x0000000706500000| Untracked 
|  64|0x0000000706600000, 0x0000000706600000, 0x0000000706700000|  0%| F|  |TAMS 0x0000000706600000, 0x0000000706600000| Untracked 
|  65|0x0000000706700000, 0x0000000706700000, 0x0000000706800000|  0%| F|  |TAMS 0x0000000706700000, 0x0000000706700000| Untracked 
|  66|0x0000000706800000, 0x0000000706800000, 0x0000000706900000|  0%| F|  |TAMS 0x0000000706800000, 0x0000000706800000| Untracked 
|  67|0x0000000706900000, 0x0000000706900000, 0x0000000706a00000|  0%| F|  |TAMS 0x0000000706900000, 0x0000000706900000| Untracked 
|  68|0x0000000706a00000, 0x0000000706a00000, 0x0000000706b00000|  0%| F|  |TAMS 0x0000000706a00000, 0x0000000706a00000| Untracked 
|  69|0x0000000706b00000, 0x0000000706b00000, 0x0000000706c00000|  0%| F|  |TAMS 0x0000000706b00000, 0x0000000706b00000| Untracked 
|  70|0x0000000706c00000, 0x0000000706c00000, 0x0000000706d00000|  0%| F|  |TAMS 0x0000000706c00000, 0x0000000706c00000| Untracked 
|  71|0x0000000706d00000, 0x0000000706d00000, 0x0000000706e00000|  0%| F|  |TAMS 0x0000000706d00000, 0x0000000706d00000| Untracked 
|  72|0x0000000706e00000, 0x0000000706e00000, 0x0000000706f00000|  0%| F|  |TAMS 0x0000000706e00000, 0x0000000706e00000| Untracked 
|  73|0x0000000706f00000, 0x0000000706f00000, 0x0000000707000000|  0%| F|  |TAMS 0x0000000706f00000, 0x0000000706f00000| Untracked 
|  74|0x0000000707000000, 0x0000000707000000, 0x0000000707100000|  0%| F|  |TAMS 0x0000000707000000, 0x0000000707000000| Untracked 
|  75|0x0000000707100000, 0x0000000707100000, 0x0000000707200000|  0%| F|  |TAMS 0x0000000707100000, 0x0000000707100000| Untracked 
|  76|0x0000000707200000, 0x0000000707200000, 0x0000000707300000|  0%| F|  |TAMS 0x0000000707200000, 0x0000000707200000| Untracked 
|  77|0x0000000707300000, 0x0000000707300000, 0x0000000707400000|  0%| F|  |TAMS 0x0000000707300000, 0x0000000707300000| Untracked 
|  78|0x0000000707400000, 0x0000000707400000, 0x0000000707500000|  0%| F|  |TAMS 0x0000000707400000, 0x0000000707400000| Untracked 
|  79|0x0000000707500000, 0x0000000707500000, 0x0000000707600000|  0%| F|  |TAMS 0x0000000707500000, 0x0000000707500000| Untracked 
|  80|0x0000000707600000, 0x0000000707600000, 0x0000000707700000|  0%| F|  |TAMS 0x0000000707600000, 0x0000000707600000| Untracked 
|  81|0x0000000707700000, 0x0000000707700000, 0x0000000707800000|  0%| F|  |TAMS 0x0000000707700000, 0x0000000707700000| Untracked 
|  82|0x0000000707800000, 0x0000000707800000, 0x0000000707900000|  0%| F|  |TAMS 0x0000000707800000, 0x0000000707800000| Untracked 
|  83|0x0000000707900000, 0x0000000707900000, 0x0000000707a00000|  0%| F|  |TAMS 0x0000000707900000, 0x0000000707900000| Untracked 
|  84|0x0000000707a00000, 0x0000000707a00000, 0x0000000707b00000|  0%| F|  |TAMS 0x0000000707a00000, 0x0000000707a00000| Untracked 
|  85|0x0000000707b00000, 0x0000000707b00000, 0x0000000707c00000|  0%| F|  |TAMS 0x0000000707b00000, 0x0000000707b00000| Untracked 
|  86|0x0000000707c00000, 0x0000000707c00000, 0x0000000707d00000|  0%| F|  |TAMS 0x0000000707c00000, 0x0000000707c00000| Untracked 
|  87|0x0000000707d00000, 0x0000000707d00000, 0x0000000707e00000|  0%| F|  |TAMS 0x0000000707d00000, 0x0000000707d00000| Untracked 
|  88|0x0000000707e00000, 0x0000000707e00000, 0x0000000707f00000|  0%| F|  |TAMS 0x0000000707e00000, 0x0000000707e00000| Untracked 
|  89|0x0000000707f00000, 0x0000000707f00000, 0x0000000708000000|  0%| F|  |TAMS 0x0000000707f00000, 0x0000000707f00000| Untracked 
|  90|0x0000000708000000, 0x0000000708000000, 0x0000000708100000|  0%| F|  |TAMS 0x0000000708000000, 0x0000000708000000| Untracked 
|  91|0x0000000708100000, 0x0000000708100000, 0x0000000708200000|  0%| F|  |TAMS 0x0000000708100000, 0x0000000708100000| Untracked 
|  92|0x0000000708200000, 0x0000000708200000, 0x0000000708300000|  0%| F|  |TAMS 0x0000000708200000, 0x0000000708200000| Untracked 
|  93|0x0000000708300000, 0x0000000708300000, 0x0000000708400000|  0%| F|  |TAMS 0x0000000708300000, 0x0000000708300000| Untracked 
|  94|0x0000000708400000, 0x0000000708400000, 0x0000000708500000|  0%| F|  |TAMS 0x0000000708400000, 0x0000000708400000| Untracked 
|  95|0x0000000708500000, 0x0000000708500000, 0x0000000708600000|  0%| F|  |TAMS 0x0000000708500000, 0x0000000708500000| Untracked 
|  96|0x0000000708600000, 0x0000000708600000, 0x0000000708700000|  0%| F|  |TAMS 0x0000000708600000, 0x0000000708600000| Untracked 
|  97|0x0000000708700000, 0x0000000708700000, 0x0000000708800000|  0%| F|  |TAMS 0x0000000708700000, 0x0000000708700000| Untracked 
|  98|0x0000000708800000, 0x0000000708800000, 0x0000000708900000|  0%| F|  |TAMS 0x0000000708800000, 0x0000000708800000| Untracked 
|  99|0x0000000708900000, 0x0000000708900000, 0x0000000708a00000|  0%| F|  |TAMS 0x0000000708900000, 0x0000000708900000| Untracked 
| 100|0x0000000708a00000, 0x0000000708a00000, 0x0000000708b00000|  0%| F|  |TAMS 0x0000000708a00000, 0x0000000708a00000| Untracked 
| 101|0x0000000708b00000, 0x0000000708b00000, 0x0000000708c00000|  0%| F|  |TAMS 0x0000000708b00000, 0x0000000708b00000| Untracked 
| 102|0x0000000708c00000, 0x0000000708c00000, 0x0000000708d00000|  0%| F|  |TAMS 0x0000000708c00000, 0x0000000708c00000| Untracked 
| 103|0x0000000708d00000, 0x0000000708d00000, 0x0000000708e00000|  0%| F|  |TAMS 0x0000000708d00000, 0x0000000708d00000| Untracked 
| 104|0x0000000708e00000, 0x0000000708e00000, 0x0000000708f00000|  0%| F|  |TAMS 0x0000000708e00000, 0x0000000708e00000| Untracked 
| 105|0x0000000708f00000, 0x0000000708f00000, 0x0000000709000000|  0%| F|  |TAMS 0x0000000708f00000, 0x0000000708f00000| Untracked 
| 106|0x0000000709000000, 0x0000000709000000, 0x0000000709100000|  0%| F|  |TAMS 0x0000000709000000, 0x0000000709000000| Untracked 
| 107|0x0000000709100000, 0x0000000709100000, 0x0000000709200000|  0%| F|  |TAMS 0x0000000709100000, 0x0000000709100000| Untracked 
| 108|0x0000000709200000, 0x0000000709200000, 0x0000000709300000|  0%| F|  |TAMS 0x0000000709200000, 0x0000000709200000| Untracked 
| 109|0x0000000709300000, 0x0000000709300000, 0x0000000709400000|  0%| F|  |TAMS 0x0000000709300000, 0x0000000709300000| Untracked 
| 110|0x0000000709400000, 0x0000000709400000, 0x0000000709500000|  0%| F|  |TAMS 0x0000000709400000, 0x0000000709400000| Untracked 
| 111|0x0000000709500000, 0x0000000709500000, 0x0000000709600000|  0%| F|  |TAMS 0x0000000709500000, 0x0000000709500000| Untracked 
| 112|0x0000000709600000, 0x0000000709600000, 0x0000000709700000|  0%| F|  |TAMS 0x0000000709600000, 0x0000000709600000| Untracked 
| 113|0x0000000709700000, 0x0000000709700000, 0x0000000709800000|  0%| F|  |TAMS 0x0000000709700000, 0x0000000709700000| Untracked 
| 114|0x0000000709800000, 0x0000000709800000, 0x0000000709900000|  0%| F|  |TAMS 0x0000000709800000, 0x0000000709800000| Untracked 
| 115|0x0000000709900000, 0x0000000709900000, 0x0000000709a00000|  0%| F|  |TAMS 0x0000000709900000, 0x0000000709900000| Untracked 
| 116|0x0000000709a00000, 0x0000000709a00000, 0x0000000709b00000|  0%| F|  |TAMS 0x0000000709a00000, 0x0000000709a00000| Untracked 
| 117|0x0000000709b00000, 0x0000000709b00000, 0x0000000709c00000|  0%| F|  |TAMS 0x0000000709b00000, 0x0000000709b00000| Untracked 
| 118|0x0000000709c00000, 0x0000000709c00000, 0x0000000709d00000|  0%| F|  |TAMS 0x0000000709c00000, 0x0000000709c00000| Untracked 
| 119|0x0000000709d00000, 0x0000000709d00000, 0x0000000709e00000|  0%| F|  |TAMS 0x0000000709d00000, 0x0000000709d00000| Untracked 
| 120|0x0000000709e00000, 0x0000000709e00000, 0x0000000709f00000|  0%| F|  |TAMS 0x0000000709e00000, 0x0000000709e00000| Untracked 
| 121|0x0000000709f00000, 0x0000000709f00000, 0x000000070a000000|  0%| F|  |TAMS 0x0000000709f00000, 0x0000000709f00000| Untracked 
| 122|0x000000070a000000, 0x000000070a000000, 0x000000070a100000|  0%| F|  |TAMS 0x000000070a000000, 0x000000070a000000| Untracked 
| 123|0x000000070a100000, 0x000000070a100000, 0x000000070a200000|  0%| F|  |TAMS 0x000000070a100000, 0x000000070a100000| Untracked 
| 124|0x000000070a200000, 0x000000070a200000, 0x000000070a300000|  0%| F|  |TAMS 0x000000070a200000, 0x000000070a200000| Untracked 
| 125|0x000000070a300000, 0x000000070a300000, 0x000000070a400000|  0%| F|  |TAMS 0x000000070a300000, 0x000000070a300000| Untracked 
| 126|0x000000070a400000, 0x000000070a400000, 0x000000070a500000|  0%| F|  |TAMS 0x000000070a400000, 0x000000070a400000| Untracked 
| 127|0x000000070a500000, 0x000000070a500000, 0x000000070a600000|  0%| F|  |TAMS 0x000000070a500000, 0x000000070a500000| Untracked 
| 128|0x000000070a600000, 0x000000070a600000, 0x000000070a700000|  0%| F|  |TAMS 0x000000070a600000, 0x000000070a600000| Untracked 
| 129|0x000000070a700000, 0x000000070a700000, 0x000000070a800000|  0%| F|  |TAMS 0x000000070a700000, 0x000000070a700000| Untracked 
| 130|0x000000070a800000, 0x000000070a800000, 0x000000070a900000|  0%| F|  |TAMS 0x000000070a800000, 0x000000070a800000| Untracked 
| 131|0x000000070a900000, 0x000000070a900000, 0x000000070aa00000|  0%| F|  |TAMS 0x000000070a900000, 0x000000070a900000| Untracked 
| 132|0x000000070aa00000, 0x000000070aa00000, 0x000000070ab00000|  0%| F|  |TAMS 0x000000070aa00000, 0x000000070aa00000| Untracked 
| 133|0x000000070ab00000, 0x000000070ab00000, 0x000000070ac00000|  0%| F|  |TAMS 0x000000070ab00000, 0x000000070ab00000| Untracked 
| 134|0x000000070ac00000, 0x000000070ac00000, 0x000000070ad00000|  0%| F|  |TAMS 0x000000070ac00000, 0x000000070ac00000| Untracked 
| 135|0x000000070ad00000, 0x000000070ad00000, 0x000000070ae00000|  0%| F|  |TAMS 0x000000070ad00000, 0x000000070ad00000| Untracked 
| 136|0x000000070ae00000, 0x000000070ae00000, 0x000000070af00000|  0%| F|  |TAMS 0x000000070ae00000, 0x000000070ae00000| Untracked 
| 137|0x000000070af00000, 0x000000070af00000, 0x000000070b000000|  0%| F|  |TAMS 0x000000070af00000, 0x000000070af00000| Untracked 
| 138|0x000000070b000000, 0x000000070b000000, 0x000000070b100000|  0%| F|  |TAMS 0x000000070b000000, 0x000000070b000000| Untracked 
| 139|0x000000070b100000, 0x000000070b100000, 0x000000070b200000|  0%| F|  |TAMS 0x000000070b100000, 0x000000070b100000| Untracked 
| 140|0x000000070b200000, 0x000000070b200000, 0x000000070b300000|  0%| F|  |TAMS 0x000000070b200000, 0x000000070b200000| Untracked 
| 141|0x000000070b300000, 0x000000070b300000, 0x000000070b400000|  0%| F|  |TAMS 0x000000070b300000, 0x000000070b300000| Untracked 
| 142|0x000000070b400000, 0x000000070b400000, 0x000000070b500000|  0%| F|  |TAMS 0x000000070b400000, 0x000000070b400000| Untracked 
| 143|0x000000070b500000, 0x000000070b500000, 0x000000070b600000|  0%| F|  |TAMS 0x000000070b500000, 0x000000070b500000| Untracked 
| 144|0x000000070b600000, 0x000000070b600000, 0x000000070b700000|  0%| F|  |TAMS 0x000000070b600000, 0x000000070b600000| Untracked 
| 145|0x000000070b700000, 0x000000070b700000, 0x000000070b800000|  0%| F|  |TAMS 0x000000070b700000, 0x000000070b700000| Untracked 
| 146|0x000000070b800000, 0x000000070b800000, 0x000000070b900000|  0%| F|  |TAMS 0x000000070b800000, 0x000000070b800000| Untracked 
| 147|0x000000070b900000, 0x000000070b900000, 0x000000070ba00000|  0%| F|  |TAMS 0x000000070b900000, 0x000000070b900000| Untracked 
| 148|0x000000070ba00000, 0x000000070ba00000, 0x000000070bb00000|  0%| F|  |TAMS 0x000000070ba00000, 0x000000070ba00000| Untracked 
| 149|0x000000070bb00000, 0x000000070bb00000, 0x000000070bc00000|  0%| F|  |TAMS 0x000000070bb00000, 0x000000070bb00000| Untracked 
| 150|0x000000070bc00000, 0x000000070bc00000, 0x000000070bd00000|  0%| F|  |TAMS 0x000000070bc00000, 0x000000070bc00000| Untracked 
| 151|0x000000070bd00000, 0x000000070bd00000, 0x000000070be00000|  0%| F|  |TAMS 0x000000070bd00000, 0x000000070bd00000| Untracked 
| 152|0x000000070be00000, 0x000000070be00000, 0x000000070bf00000|  0%| F|  |TAMS 0x000000070be00000, 0x000000070be00000| Untracked 
| 153|0x000000070bf00000, 0x000000070bf00000, 0x000000070c000000|  0%| F|  |TAMS 0x000000070bf00000, 0x000000070bf00000| Untracked 
| 154|0x000000070c000000, 0x000000070c000000, 0x000000070c100000|  0%| F|  |TAMS 0x000000070c000000, 0x000000070c000000| Untracked 
| 155|0x000000070c100000, 0x000000070c100000, 0x000000070c200000|  0%| F|  |TAMS 0x000000070c100000, 0x000000070c100000| Untracked 
| 156|0x000000070c200000, 0x000000070c200000, 0x000000070c300000|  0%| F|  |TAMS 0x000000070c200000, 0x000000070c200000| Untracked 
| 157|0x000000070c300000, 0x000000070c300000, 0x000000070c400000|  0%| F|  |TAMS 0x000000070c300000, 0x000000070c300000| Untracked 
| 158|0x000000070c400000, 0x000000070c400000, 0x000000070c500000|  0%| F|  |TAMS 0x000000070c400000, 0x000000070c400000| Untracked 
| 159|0x000000070c500000, 0x000000070c500000, 0x000000070c600000|  0%| F|  |TAMS 0x000000070c500000, 0x000000070c500000| Untracked 
| 160|0x000000070c600000, 0x000000070c600000, 0x000000070c700000|  0%| F|  |TAMS 0x000000070c600000, 0x000000070c600000| Untracked 
| 161|0x000000070c700000, 0x000000070c700000, 0x000000070c800000|  0%| F|  |TAMS 0x000000070c700000, 0x000000070c700000| Untracked 
| 162|0x000000070c800000, 0x000000070c800000, 0x000000070c900000|  0%| F|  |TAMS 0x000000070c800000, 0x000000070c800000| Untracked 
| 163|0x000000070c900000, 0x000000070c900000, 0x000000070ca00000|  0%| F|  |TAMS 0x000000070c900000, 0x000000070c900000| Untracked 
| 164|0x000000070ca00000, 0x000000070ca00000, 0x000000070cb00000|  0%| F|  |TAMS 0x000000070ca00000, 0x000000070ca00000| Untracked 
| 165|0x000000070cb00000, 0x000000070cb00000, 0x000000070cc00000|  0%| F|  |TAMS 0x000000070cb00000, 0x000000070cb00000| Untracked 
| 166|0x000000070cc00000, 0x000000070cc00000, 0x000000070cd00000|  0%| F|  |TAMS 0x000000070cc00000, 0x000000070cc00000| Untracked 
| 167|0x000000070cd00000, 0x000000070cd00000, 0x000000070ce00000|  0%| F|  |TAMS 0x000000070cd00000, 0x000000070cd00000| Untracked 
| 168|0x000000070ce00000, 0x000000070ce00000, 0x000000070cf00000|  0%| F|  |TAMS 0x000000070ce00000, 0x000000070ce00000| Untracked 
| 169|0x000000070cf00000, 0x000000070cf00000, 0x000000070d000000|  0%| F|  |TAMS 0x000000070cf00000, 0x000000070cf00000| Untracked 
| 170|0x000000070d000000, 0x000000070d000000, 0x000000070d100000|  0%| F|  |TAMS 0x000000070d000000, 0x000000070d000000| Untracked 
| 171|0x000000070d100000, 0x000000070d100000, 0x000000070d200000|  0%| F|  |TAMS 0x000000070d100000, 0x000000070d100000| Untracked 
| 172|0x000000070d200000, 0x000000070d200000, 0x000000070d300000|  0%| F|  |TAMS 0x000000070d200000, 0x000000070d200000| Untracked 
| 173|0x000000070d300000, 0x000000070d300000, 0x000000070d400000|  0%| F|  |TAMS 0x000000070d300000, 0x000000070d300000| Untracked 
| 174|0x000000070d400000, 0x000000070d400000, 0x000000070d500000|  0%| F|  |TAMS 0x000000070d400000, 0x000000070d400000| Untracked 
| 175|0x000000070d500000, 0x000000070d500000, 0x000000070d600000|  0%| F|  |TAMS 0x000000070d500000, 0x000000070d500000| Untracked 
| 176|0x000000070d600000, 0x000000070d600000, 0x000000070d700000|  0%| F|  |TAMS 0x000000070d600000, 0x000000070d600000| Untracked 
| 177|0x000000070d700000, 0x000000070d700000, 0x000000070d800000|  0%| F|  |TAMS 0x000000070d700000, 0x000000070d700000| Untracked 
| 178|0x000000070d800000, 0x000000070d800000, 0x000000070d900000|  0%| F|  |TAMS 0x000000070d800000, 0x000000070d800000| Untracked 
| 179|0x000000070d900000, 0x000000070d900000, 0x000000070da00000|  0%| F|  |TAMS 0x000000070d900000, 0x000000070d900000| Untracked 
| 180|0x000000070da00000, 0x000000070da00000, 0x000000070db00000|  0%| F|  |TAMS 0x000000070da00000, 0x000000070da00000| Untracked 
| 181|0x000000070db00000, 0x000000070db00000, 0x000000070dc00000|  0%| F|  |TAMS 0x000000070db00000, 0x000000070db00000| Untracked 
| 182|0x000000070dc00000, 0x000000070dc00000, 0x000000070dd00000|  0%| F|  |TAMS 0x000000070dc00000, 0x000000070dc00000| Untracked 
| 183|0x000000070dd00000, 0x000000070dd00000, 0x000000070de00000|  0%| F|  |TAMS 0x000000070dd00000, 0x000000070dd00000| Untracked 
| 184|0x000000070de00000, 0x000000070de00000, 0x000000070df00000|  0%| F|  |TAMS 0x000000070de00000, 0x000000070de00000| Untracked 
| 185|0x000000070df00000, 0x000000070df00000, 0x000000070e000000|  0%| F|  |TAMS 0x000000070df00000, 0x000000070df00000| Untracked 
| 186|0x000000070e000000, 0x000000070e000000, 0x000000070e100000|  0%| F|  |TAMS 0x000000070e000000, 0x000000070e000000| Untracked 
| 187|0x000000070e100000, 0x000000070e100000, 0x000000070e200000|  0%| F|  |TAMS 0x000000070e100000, 0x000000070e100000| Untracked 
| 188|0x000000070e200000, 0x000000070e200000, 0x000000070e300000|  0%| F|  |TAMS 0x000000070e200000, 0x000000070e200000| Untracked 
| 189|0x000000070e300000, 0x000000070e300000, 0x000000070e400000|  0%| F|  |TAMS 0x000000070e300000, 0x000000070e300000| Untracked 
| 190|0x000000070e400000, 0x000000070e400000, 0x000000070e500000|  0%| F|  |TAMS 0x000000070e400000, 0x000000070e400000| Untracked 
| 191|0x000000070e500000, 0x000000070e500000, 0x000000070e600000|  0%| F|  |TAMS 0x000000070e500000, 0x000000070e500000| Untracked 
| 192|0x000000070e600000, 0x000000070e600000, 0x000000070e700000|  0%| F|  |TAMS 0x000000070e600000, 0x000000070e600000| Untracked 
| 193|0x000000070e700000, 0x000000070e700000, 0x000000070e800000|  0%| F|  |TAMS 0x000000070e700000, 0x000000070e700000| Untracked 
| 194|0x000000070e800000, 0x000000070e800000, 0x000000070e900000|  0%| F|  |TAMS 0x000000070e800000, 0x000000070e800000| Untracked 
| 195|0x000000070e900000, 0x000000070e900000, 0x000000070ea00000|  0%| F|  |TAMS 0x000000070e900000, 0x000000070e900000| Untracked 
| 196|0x000000070ea00000, 0x000000070ea00000, 0x000000070eb00000|  0%| F|  |TAMS 0x000000070ea00000, 0x000000070ea00000| Untracked 
| 197|0x000000070eb00000, 0x000000070eb00000, 0x000000070ec00000|  0%| F|  |TAMS 0x000000070eb00000, 0x000000070eb00000| Untracked 
| 198|0x000000070ec00000, 0x000000070ec00000, 0x000000070ed00000|  0%| F|  |TAMS 0x000000070ec00000, 0x000000070ec00000| Untracked 
| 199|0x000000070ed00000, 0x000000070ed00000, 0x000000070ee00000|  0%| F|  |TAMS 0x000000070ed00000, 0x000000070ed00000| Untracked 
| 200|0x000000070ee00000, 0x000000070ee00000, 0x000000070ef00000|  0%| F|  |TAMS 0x000000070ee00000, 0x000000070ee00000| Untracked 
| 201|0x000000070ef00000, 0x000000070ef00000, 0x000000070f000000|  0%| F|  |TAMS 0x000000070ef00000, 0x000000070ef00000| Untracked 
| 202|0x000000070f000000, 0x000000070f000000, 0x000000070f100000|  0%| F|  |TAMS 0x000000070f000000, 0x000000070f000000| Untracked 
| 203|0x000000070f100000, 0x000000070f100000, 0x000000070f200000|  0%| F|  |TAMS 0x000000070f100000, 0x000000070f100000| Untracked 
| 204|0x000000070f200000, 0x000000070f200000, 0x000000070f300000|  0%| F|  |TAMS 0x000000070f200000, 0x000000070f200000| Untracked 
| 205|0x000000070f300000, 0x000000070f300000, 0x000000070f400000|  0%| F|  |TAMS 0x000000070f300000, 0x000000070f300000| Untracked 
| 206|0x000000070f400000, 0x000000070f400000, 0x000000070f500000|  0%| F|  |TAMS 0x000000070f400000, 0x000000070f400000| Untracked 
| 207|0x000000070f500000, 0x000000070f500000, 0x000000070f600000|  0%| F|  |TAMS 0x000000070f500000, 0x000000070f500000| Untracked 
| 208|0x000000070f600000, 0x000000070f600000, 0x000000070f700000|  0%| F|  |TAMS 0x000000070f600000, 0x000000070f600000| Untracked 
| 209|0x000000070f700000, 0x000000070f700000, 0x000000070f800000|  0%| F|  |TAMS 0x000000070f700000, 0x000000070f700000| Untracked 
| 210|0x000000070f800000, 0x000000070f800000, 0x000000070f900000|  0%| F|  |TAMS 0x000000070f800000, 0x000000070f800000| Untracked 
| 211|0x000000070f900000, 0x000000070f900000, 0x000000070fa00000|  0%| F|  |TAMS 0x000000070f900000, 0x000000070f900000| Untracked 
| 212|0x000000070fa00000, 0x000000070fa00000, 0x000000070fb00000|  0%| F|  |TAMS 0x000000070fa00000, 0x000000070fa00000| Untracked 
| 213|0x000000070fb00000, 0x000000070fb00000, 0x000000070fc00000|  0%| F|  |TAMS 0x000000070fb00000, 0x000000070fb00000| Untracked 
| 214|0x000000070fc00000, 0x000000070fc00000, 0x000000070fd00000|  0%| F|  |TAMS 0x000000070fc00000, 0x000000070fc00000| Untracked 
| 215|0x000000070fd00000, 0x000000070fd00000, 0x000000070fe00000|  0%| F|  |TAMS 0x000000070fd00000, 0x000000070fd00000| Untracked 
| 216|0x000000070fe00000, 0x000000070fe00000, 0x000000070ff00000|  0%| F|  |TAMS 0x000000070fe00000, 0x000000070fe00000| Untracked 
| 217|0x000000070ff00000, 0x000000070ff00000, 0x0000000710000000|  0%| F|  |TAMS 0x000000070ff00000, 0x000000070ff00000| Untracked 
| 218|0x0000000710000000, 0x0000000710000000, 0x0000000710100000|  0%| F|  |TAMS 0x0000000710000000, 0x0000000710000000| Untracked 
| 219|0x0000000710100000, 0x0000000710100000, 0x0000000710200000|  0%| F|  |TAMS 0x0000000710100000, 0x0000000710100000| Untracked 
| 220|0x0000000710200000, 0x0000000710200000, 0x0000000710300000|  0%| F|  |TAMS 0x0000000710200000, 0x0000000710200000| Untracked 
| 221|0x0000000710300000, 0x0000000710300000, 0x0000000710400000|  0%| F|  |TAMS 0x0000000710300000, 0x0000000710300000| Untracked 
| 222|0x0000000710400000, 0x0000000710400000, 0x0000000710500000|  0%| F|  |TAMS 0x0000000710400000, 0x0000000710400000| Untracked 
| 223|0x0000000710500000, 0x0000000710500000, 0x0000000710600000|  0%| F|  |TAMS 0x0000000710500000, 0x0000000710500000| Untracked 
| 224|0x0000000710600000, 0x0000000710600000, 0x0000000710700000|  0%| F|  |TAMS 0x0000000710600000, 0x0000000710600000| Untracked 
| 225|0x0000000710700000, 0x0000000710780800, 0x0000000710800000| 50%| E|  |TAMS 0x0000000710700000, 0x0000000710700000| Complete 
| 226|0x0000000710800000, 0x0000000710900000, 0x0000000710900000|100%| E|CS|TAMS 0x0000000710800000, 0x0000000710800000| Complete 
| 227|0x0000000710900000, 0x0000000710a00000, 0x0000000710a00000|100%| S|CS|TAMS 0x0000000710900000, 0x0000000710900000| Complete 
| 228|0x0000000710a00000, 0x0000000710b00000, 0x0000000710b00000|100%| S|CS|TAMS 0x0000000710a00000, 0x0000000710a00000| Complete 
| 229|0x0000000710b00000, 0x0000000710c00000, 0x0000000710c00000|100%| S|CS|TAMS 0x0000000710b00000, 0x0000000710b00000| Complete 
| 230|0x0000000710c00000, 0x0000000710d00000, 0x0000000710d00000|100%| E|CS|TAMS 0x0000000710c00000, 0x0000000710c00000| Complete 
| 231|0x0000000710d00000, 0x0000000710e00000, 0x0000000710e00000|100%| E|CS|TAMS 0x0000000710d00000, 0x0000000710d00000| Complete 
| 232|0x0000000710e00000, 0x0000000710f00000, 0x0000000710f00000|100%| E|CS|TAMS 0x0000000710e00000, 0x0000000710e00000| Complete 
| 233|0x0000000710f00000, 0x0000000711000000, 0x0000000711000000|100%| E|CS|TAMS 0x0000000710f00000, 0x0000000710f00000| Complete 
| 234|0x0000000711000000, 0x0000000711100000, 0x0000000711100000|100%| E|CS|TAMS 0x0000000711000000, 0x0000000711000000| Complete 
| 235|0x0000000711100000, 0x0000000711200000, 0x0000000711200000|100%| E|CS|TAMS 0x0000000711100000, 0x0000000711100000| Complete 
| 236|0x0000000711200000, 0x0000000711300000, 0x0000000711300000|100%| E|CS|TAMS 0x0000000711200000, 0x0000000711200000| Complete 
| 237|0x0000000711300000, 0x0000000711400000, 0x0000000711400000|100%| E|CS|TAMS 0x0000000711300000, 0x0000000711300000| Complete 
| 238|0x0000000711400000, 0x0000000711500000, 0x0000000711500000|100%| E|CS|TAMS 0x0000000711400000, 0x0000000711400000| Complete 
| 239|0x0000000711500000, 0x0000000711600000, 0x0000000711600000|100%| E|CS|TAMS 0x0000000711500000, 0x0000000711500000| Complete 
| 240|0x0000000711600000, 0x0000000711700000, 0x0000000711700000|100%| E|CS|TAMS 0x0000000711600000, 0x0000000711600000| Complete 
| 241|0x0000000711700000, 0x0000000711800000, 0x0000000711800000|100%| E|CS|TAMS 0x0000000711700000, 0x0000000711700000| Complete 
| 242|0x0000000711800000, 0x0000000711900000, 0x0000000711900000|100%| E|CS|TAMS 0x0000000711800000, 0x0000000711800000| Complete 
| 243|0x0000000711900000, 0x0000000711a00000, 0x0000000711a00000|100%| E|CS|TAMS 0x0000000711900000, 0x0000000711900000| Complete 
| 244|0x0000000711a00000, 0x0000000711b00000, 0x0000000711b00000|100%| E|CS|TAMS 0x0000000711a00000, 0x0000000711a00000| Complete 
| 245|0x0000000711b00000, 0x0000000711c00000, 0x0000000711c00000|100%| E|CS|TAMS 0x0000000711b00000, 0x0000000711b00000| Complete 
| 246|0x0000000711c00000, 0x0000000711d00000, 0x0000000711d00000|100%| E|CS|TAMS 0x0000000711c00000, 0x0000000711c00000| Complete 
| 247|0x0000000711d00000, 0x0000000711e00000, 0x0000000711e00000|100%| E|CS|TAMS 0x0000000711d00000, 0x0000000711d00000| Complete 
| 248|0x0000000711e00000, 0x0000000711f00000, 0x0000000711f00000|100%| E|CS|TAMS 0x0000000711e00000, 0x0000000711e00000| Complete 
| 249|0x0000000711f00000, 0x0000000712000000, 0x0000000712000000|100%| E|CS|TAMS 0x0000000711f00000, 0x0000000711f00000| Complete 
| 250|0x0000000712000000, 0x0000000712100000, 0x0000000712100000|100%| E|CS|TAMS 0x0000000712000000, 0x0000000712000000| Complete 
| 251|0x0000000712100000, 0x0000000712200000, 0x0000000712200000|100%| E|CS|TAMS 0x0000000712100000, 0x0000000712100000| Complete 
| 252|0x0000000712200000, 0x0000000712300000, 0x0000000712300000|100%| E|CS|TAMS 0x0000000712200000, 0x0000000712200000| Complete 
| 253|0x0000000712300000, 0x0000000712400000, 0x0000000712400000|100%| E|CS|TAMS 0x0000000712300000, 0x0000000712300000| Complete 

Card table byte_map: [0x000002a31e840000,0x000002a31f030000] _byte_map_base: 0x000002a31b02d000

Marking Bits (Prev, Next): (CMBitMap*) 0x000002a306653a38, (CMBitMap*) 0x000002a306653a70
 Prev Bits: [0x000002a31f820000, 0x000002a323788000)
 Next Bits: [0x000002a323790000, 0x000002a3276f8000)

Polling page: 0x000002a304410000

Metaspace:

Usage:
  Non-class:     11.60 MB capacity,    11.40 MB ( 98%) used,   182.92 KB (  2%) free+waste,    19.00 KB ( <1%) overhead. 
      Class:      1.50 MB capacity,     1.43 MB ( 95%) used,    65.91 KB (  4%) free+waste,     9.31 KB ( <1%) overhead. 
       Both:     13.10 MB capacity,    12.83 MB ( 98%) used,   248.83 KB (  2%) free+waste,    28.31 KB ( <1%) overhead. 

Virtual space:
  Non-class space:       12.00 MB reserved,      11.75 MB ( 98%) committed 
      Class space:        1.00 GB reserved,       1.63 MB ( <1%) committed 
             Both:        1.01 GB reserved,      13.38 MB (  1%) committed 

Chunk freelists:
   Non-Class:  29.00 KB
       Class:  0 bytes
        Both:  29.00 KB

MaxMetaspaceSize: 17179869184.00 GB
CompressedClassSpaceSize: 1.00 GB
Initial GC threshold: 20.80 MB
Current GC threshold: 20.80 MB
CDS: off

CodeHeap 'non-profiled nmethods': size=120000Kb used=553Kb max_used=553Kb free=119446Kb
 bounds [0x000002a3167f0000, 0x000002a316a60000, 0x000002a31dd20000]
CodeHeap 'profiled nmethods': size=120000Kb used=2514Kb max_used=2514Kb free=117485Kb
 bounds [0x000002a30f2c0000, 0x000002a30f540000, 0x000002a3167f0000]
CodeHeap 'non-nmethods': size=5760Kb used=1148Kb max_used=1163Kb free=4611Kb
 bounds [0x000002a30ed20000, 0x000002a30ef90000, 0x000002a30f2c0000]
 total_blobs=1604 nmethods=1219 adapters=296
 compilation: enabled
              stopped_count=0, restarted_count=0
 full_count=0

Compilation events (20 events):
Event: 0.792 Thread 0x000002a32afec000 nmethod 1152 0x000002a31686cd90 code [0x000002a31686cf20, 0x000002a31686cf98]
Event: 0.793 Thread 0x000002a32abc4800 nmethod 1151 0x000002a30f4f3690 code [0x000002a30f4f3920, 0x000002a30f4f44a8]
Event: 0.793 Thread 0x000002a32abc4800 1150       3       java.lang.invoke.MethodHandles$Lookup::checkSymbolicClass (24 bytes)
Event: 0.794 Thread 0x000002a32abc4800 nmethod 1150 0x000002a30f4f4910 code [0x000002a30f4f4be0, 0x000002a30f4f5798]
Event: 0.794 Thread 0x000002a32abc4800 1155       3       java.lang.invoke.MemberName::getInvocationType (56 bytes)
Event: 0.794 Thread 0x000002a32abc4800 nmethod 1155 0x000002a30f4f5c10 code [0x000002a30f4f5e40, 0x000002a30f4f6748]
Event: 0.794 Thread 0x000002a32abc4800 1153       3       java.lang.invoke.MethodHandles$Lookup::checkAccess (226 bytes)
Event: 0.795 Thread 0x000002a32abc4800 nmethod 1153 0x000002a30f4f6a10 code [0x000002a30f4f6da0, 0x000002a30f4f8398]
Event: 0.795 Thread 0x000002a32abc4800 1157       3       java.lang.invoke.DirectMethodHandle::internalMemberName (8 bytes)
Event: 0.795 Thread 0x000002a32abc4800 nmethod 1157 0x000002a30f4f8a10 code [0x000002a30f4f8bc0, 0x000002a30f4f8db8]
Event: 0.795 Thread 0x000002a32abc4800 1158       3       java.util.Optional::of (9 bytes)
Event: 0.795 Thread 0x000002a32abc4800 nmethod 1158 0x000002a30f4f8e90 code [0x000002a30f4f9080, 0x000002a30f4f9448]
Event: 0.795 Thread 0x000002a32abc4800 1159       3       java.util.Optional::<init> (13 bytes)
Event: 0.796 Thread 0x000002a32abc4800 nmethod 1159 0x000002a30f4f9590 code [0x000002a30f4f9760, 0x000002a30f4f9a88]
Event: 0.796 Thread 0x000002a32abc4800 1160       3       java.lang.ClassLoader::getDefinedPackage (35 bytes)
Event: 0.796 Thread 0x000002a32abc4800 nmethod 1160 0x000002a30f4f9b90 code [0x000002a30f4f9d80, 0x000002a30f4fa308]
Event: 0.796 Thread 0x000002a32abc4800 1161       3       org.gradle.internal.util.Trie$Builder::addTransition (89 bytes)
Event: 0.796 Thread 0x000002a32abc4800 nmethod 1161 0x000002a30f4fa510 code [0x000002a30f4fa760, 0x000002a30f4fb238]
Event: 0.796 Thread 0x000002a32abc4800 1156       3       java.lang.invoke.MethodHandleNatives::refKindHasReceiver (33 bytes)
Event: 0.796 Thread 0x000002a32abc4800 nmethod 1156 0x000002a30f4fb590 code [0x000002a30f4fb740, 0x000002a30f4fb898]

GC Heap History (2 events):
Event: 0.585 GC heap before
{Heap before GC invocations=0 (full 0):
 garbage-first heap   total 260096K, used 29696K [0x0000000702600000, 0x0000000800000000)
  region size 1024K, 24 young (24576K), 0 survivors (0K)
 Metaspace       used 10409K, capacity 10655K, committed 11008K, reserved 1058816K
  class space    used 1086K, capacity 1170K, committed 1280K, reserved 1048576K
}
Event: 0.591 GC heap after
{Heap after GC invocations=1 (full 0):
 garbage-first heap   total 260096K, used 9010K [0x0000000702600000, 0x0000000800000000)
  region size 1024K, 3 young (3072K), 3 survivors (3072K)
 Metaspace       used 10409K, capacity 10655K, committed 11008K, reserved 1058816K
  class space    used 1086K, capacity 1170K, committed 1280K, reserved 1048576K
}

Deoptimization events (20 events):
Event: 0.749 Thread 0x000002a3065ed000 DEOPT PACKING pc=0x000002a30f340ae1 sp=0x000000c8e72fcbd0
Event: 0.749 Thread 0x000002a3065ed000 DEOPT UNPACKING pc=0x000002a30ed6a95e sp=0x000000c8e72fc098 mode 0
Event: 0.750 Thread 0x000002a3065ed000 DEOPT PACKING pc=0x000002a30f340ae1 sp=0x000000c8e72fcbd0
Event: 0.750 Thread 0x000002a3065ed000 DEOPT UNPACKING pc=0x000002a30ed6a95e sp=0x000000c8e72fc098 mode 0
Event: 0.750 Thread 0x000002a3065ed000 DEOPT PACKING pc=0x000002a30f340ae1 sp=0x000000c8e72fcbd0
Event: 0.750 Thread 0x000002a3065ed000 DEOPT UNPACKING pc=0x000002a30ed6a95e sp=0x000000c8e72fc098 mode 0
Event: 0.750 Thread 0x000002a3065ed000 DEOPT PACKING pc=0x000002a30f340ae1 sp=0x000000c8e72fcbd0
Event: 0.750 Thread 0x000002a3065ed000 DEOPT UNPACKING pc=0x000002a30ed6a95e sp=0x000000c8e72fc098 mode 0
Event: 0.751 Thread 0x000002a3065ed000 DEOPT PACKING pc=0x000002a30f340ae1 sp=0x000000c8e72fcbd0
Event: 0.751 Thread 0x000002a3065ed000 DEOPT UNPACKING pc=0x000002a30ed6a95e sp=0x000000c8e72fc098 mode 0
Event: 0.751 Thread 0x000002a3065ed000 DEOPT PACKING pc=0x000002a30f340ae1 sp=0x000000c8e72fcbd0
Event: 0.751 Thread 0x000002a3065ed000 DEOPT UNPACKING pc=0x000002a30ed6a95e sp=0x000000c8e72fc098 mode 0
Event: 0.757 Thread 0x000002a3065ed000 DEOPT PACKING pc=0x000002a30f34bc41 sp=0x000000c8e72fcae0
Event: 0.757 Thread 0x000002a3065ed000 DEOPT UNPACKING pc=0x000002a30ed6a95e sp=0x000000c8e72fbfd8 mode 0
Event: 0.772 Thread 0x000002a3065ed000 DEOPT PACKING pc=0x000002a30f365dff sp=0x000000c8e72fa8c0
Event: 0.772 Thread 0x000002a3065ed000 DEOPT UNPACKING pc=0x000002a30ed6a95e sp=0x000000c8e72f9d10 mode 0
Event: 0.787 Thread 0x000002a3065ed000 Uncommon trap: trap_request=0xffffff4d fr.pc=0x000002a31685eb28 relative=0x0000000000000068
Event: 0.787 Thread 0x000002a3065ed000 Uncommon trap: reason=unstable_if action=reinterpret pc=0x000002a31685eb28 method=sun.net.www.ParseUtil.firstEncodeIndex(Ljava/lang/String;)I @ 51 c2
Event: 0.787 Thread 0x000002a3065ed000 DEOPT PACKING pc=0x000002a31685eb28 sp=0x000000c8e72f7510
Event: 0.787 Thread 0x000002a3065ed000 DEOPT UNPACKING pc=0x000002a30ed6a1af sp=0x000000c8e72f7498 mode 2

Classes redefined (0 events):
No events

Internal exceptions (10 events):
Event: 0.114 Thread 0x000002a3065ed000 Exception <a 'java/lang/NoSuchMethodError'{0x0000000712116440}: 'int java.lang.invoke.DirectMethodHandle$Holder.invokeStaticInit(java.lang.Object, java.lang.Object)'> (0x0000000712116440) thrown at [./src/hotspot/share/interpreter/linkResolver.cpp, line 773]
Event: 0.154 Thread 0x000002a3065ed000 Exception <a 'java/lang/NoSuchMethodError'{0x00000007121ede50}: 'int java.lang.invoke.DirectMethodHandle$Holder.invokeSpecial(java.lang.Object, java.lang.Object, java.lang.Object, java.lang.Object)'> (0x00000007121ede50) thrown at [./src/hotspot/share/interpreter/linkResolver.cpp, line 773]
Event: 0.160 Thread 0x000002a3065ed000 Exception <a 'java/lang/NoSuchMethodError'{0x0000000712025fc8}: 'int java.lang.invoke.DirectMethodHandle$Holder.invokeSpecialIFC(java.lang.Object, java.lang.Object, int)'> (0x0000000712025fc8) thrown at [./src/hotspot/share/interpreter/linkResolver.cpp, line 773]
Event: 0.499 Thread 0x000002a3065ed000 Implicit null exception at 0x000002a316834175 to 0x000002a316834368
Event: 0.531 Thread 0x000002a3065ed000 Exception <a 'java/lang/NoClassDefFoundError'{0x0000000710e55408}: org/slf4j/impl/StaticMarkerBinder> (0x0000000710e55408) thrown at [./src/hotspot/share/classfile/systemDictionary.cpp, line 219]
Event: 0.551 Thread 0x000002a3065ed000 Exception <a 'java/lang/NoSuchMethodError'{0x0000000710d44110}: 'java.lang.Object java.lang.invoke.DirectMethodHandle$Holder.invokeVirtual(java.lang.Object, java.lang.Object, java.lang.Object, java.lang.Object, java.lang.Object, java.lang.Object, java.lang.Object)'> (0x0000000710d44110) thrown at [./src/hotspot/share/interpreter/linkResolver.cpp, line 773]
Event: 0.553 Thread 0x000002a3065ed000 Exception <a 'java/lang/NoSuchMethodError'{0x0000000710d57268}: 'java.lang.Object java.lang.invoke.Invokers$Holder.invoker(java.lang.Object, java.lang.Object, java.lang.Object)'> (0x0000000710d57268) thrown at [./src/hotspot/share/interpreter/linkResolver.cpp, line 773]
Event: 0.555 Thread 0x000002a3065ed000 Exception <a 'java/lang/NoSuchMethodError'{0x0000000710d67d38}: 'void java.lang.invoke.DelegatingMethodHandle$Holder.delegate(java.lang.Object, java.lang.Object, int, java.lang.Object)'> (0x0000000710d67d38) thrown at [./src/hotspot/share/interpreter/linkResolver.cpp, line 773]
Event: 0.645 Thread 0x000002a3065ed000 Exception <a 'java/lang/NoSuchMethodError'{0x0000000711fd7c70}: 'java.lang.Object java.lang.invoke.DirectMethodHandle$Holder.invokeInterface(java.lang.Object, java.lang.Object, java.lang.Object)'> (0x0000000711fd7c70) thrown at [./src/hotspot/share/interpreter/linkResolver.cpp, line 773]
Event: 0.678 Thread 0x000002a3065ed000 Exception <a 'java/lang/NoSuchMethodError'{0x0000000711c2f420}: 'java.lang.Object java.lang.invoke.DirectMethodHandle$Holder.invokeStaticInit(java.lang.Object, java.lang.Object, java.lang.Object)'> (0x0000000711c2f420) thrown at [./src/hotspot/share/interpreter/linkResolver.cpp, line 773]

Events (20 events):
Event: 0.798 loading class groovy/lang/MetaObjectProtocol
Event: 0.798 loading class groovy/lang/MetaObjectProtocol done
Event: 0.798 loading class com/google/common/collect/Sets
Event: 0.798 loading class com/google/common/collect/Sets done
Event: 0.799 loading class java/util/NavigableSet
Event: 0.799 loading class java/util/SortedSet
Event: 0.799 loading class java/util/SortedSet done
Event: 0.799 loading class java/util/NavigableSet done
Event: 0.799 loading class com/google/common/collect/Sets$SetView
Event: 0.799 loading class com/google/common/collect/Sets$SetView done
Event: 0.799 loading class com/google/common/collect/Sets$1
Event: 0.799 loading class com/google/common/collect/Sets$1 done
Event: 0.799 loading class com/google/common/collect/Sets$3
Event: 0.799 loading class com/google/common/collect/Sets$3 done
Event: 0.799 loading class com/google/common/collect/Sets$2
Event: 0.799 loading class com/google/common/collect/Sets$2 done
Event: 0.800 loading class com/google/common/collect/ImmutableEnumSet
Event: 0.800 loading class com/google/common/collect/ImmutableEnumSet done
Event: 0.800 loading class com/google/common/collect/Sets$4
Event: 0.800 loading class com/google/common/collect/Sets$4 done


Dynamic libraries:
0x00007ff6b16e0000 - 0x00007ff6b16ed000 	C:\Program Files\Unity\Hub\Editor\2022.3.9f1\Editor\Data\PlaybackEngines\AndroidPlayer\OpenJDK\bin\java.exe
0x00007ff9032b0000 - 0x00007ff9034a7000 	C:\Windows\SYSTEM32\ntdll.dll
0x00007ff9022d0000 - 0x00007ff90238d000 	C:\Windows\System32\KERNEL32.DLL
0x00007ff900bb0000 - 0x00007ff900ea6000 	C:\Windows\System32\KERNELBASE.dll
0x00007ff8fe170000 - 0x00007ff8fe200000 	C:\Windows\SYSTEM32\apphelp.dll
0x00007ff901210000 - 0x00007ff901310000 	C:\Windows\System32\ucrtbase.dll
0x00007ff88f370000 - 0x00007ff88f385000 	C:\Program Files\Unity\Hub\Editor\2022.3.9f1\Editor\Data\PlaybackEngines\AndroidPlayer\OpenJDK\bin\VCRUNTIME140.dll
0x00007ff88fcb0000 - 0x00007ff88fcc7000 	C:\Program Files\Unity\Hub\Editor\2022.3.9f1\Editor\Data\PlaybackEngines\AndroidPlayer\OpenJDK\bin\jli.dll
0x00007ff9030d0000 - 0x00007ff90326e000 	C:\Windows\System32\USER32.dll
0x00007ff900b80000 - 0x00007ff900ba2000 	C:\Windows\System32\win32u.dll
0x00007ff901fc0000 - 0x00007ff901fec000 	C:\Windows\System32\GDI32.dll
0x00007ff8e6980000 - 0x00007ff8e6c1a000 	C:\Windows\WinSxS\amd64_microsoft.windows.common-controls_6595b64144ccf1df_6.0.19041.3570_none_60bb2a3971f3e41a\COMCTL32.dll
0x00007ff900f90000 - 0x00007ff9010aa000 	C:\Windows\System32\gdi32full.dll
0x00007ff9023a0000 - 0x00007ff90243e000 	C:\Windows\System32\msvcrt.dll
0x00007ff900990000 - 0x00007ff900a2d000 	C:\Windows\System32\msvcp_win.dll
0x00007ff902ed0000 - 0x00007ff902f00000 	C:\Windows\System32\IMM32.DLL
0x00007ff86c980000 - 0x00007ff86ca1b000 	C:\Program Files\Unity\Hub\Editor\2022.3.9f1\Editor\Data\PlaybackEngines\AndroidPlayer\OpenJDK\bin\msvcp140.dll
0x00007ff86b9f0000 - 0x00007ff86c571000 	C:\Program Files\Unity\Hub\Editor\2022.3.9f1\Editor\Data\PlaybackEngines\AndroidPlayer\OpenJDK\bin\server\jvm.dll
0x00007ff903020000 - 0x00007ff9030ce000 	C:\Windows\System32\ADVAPI32.dll
0x00007ff901310000 - 0x00007ff9013ac000 	C:\Windows\System32\sechost.dll
0x00007ff901ff0000 - 0x00007ff902116000 	C:\Windows\System32\RPCRT4.dll
0x00007ff901620000 - 0x00007ff901628000 	C:\Windows\System32\PSAPI.DLL
0x00007ff8fb410000 - 0x00007ff8fb419000 	C:\Windows\SYSTEM32\WSOCK32.dll
0x00007ff8ecd30000 - 0x00007ff8ecd57000 	C:\Windows\SYSTEM32\WINMM.dll
0x00007ff8fa130000 - 0x00007ff8fa13a000 	C:\Windows\SYSTEM32\VERSION.dll
0x00007ff901f50000 - 0x00007ff901fbb000 	C:\Windows\System32\WS2_32.dll
0x00007ff8fe830000 - 0x00007ff8fe842000 	C:\Windows\SYSTEM32\kernel.appcore.dll
0x00007ff8a5bd0000 - 0x00007ff8a5be0000 	C:\Program Files\Unity\Hub\Editor\2022.3.9f1\Editor\Data\PlaybackEngines\AndroidPlayer\OpenJDK\bin\verify.dll
0x00007ff8ec3f0000 - 0x00007ff8ec5d4000 	C:\Windows\SYSTEM32\DBGHELP.DLL
0x00007ff8e7740000 - 0x00007ff8e7774000 	C:\Windows\SYSTEM32\dbgcore.DLL
0x00007ff900eb0000 - 0x00007ff900f32000 	C:\Windows\System32\bcryptPrimitives.dll
0x00007ff86c950000 - 0x00007ff86c978000 	C:\Program Files\Unity\Hub\Editor\2022.3.9f1\Editor\Data\PlaybackEngines\AndroidPlayer\OpenJDK\bin\java.dll
0x00007ff8a5810000 - 0x00007ff8a581a000 	C:\Program Files\Unity\Hub\Editor\2022.3.9f1\Editor\Data\PlaybackEngines\AndroidPlayer\OpenJDK\bin\jimage.dll
0x00007ff86c930000 - 0x00007ff86c948000 	C:\Program Files\Unity\Hub\Editor\2022.3.9f1\Editor\Data\PlaybackEngines\AndroidPlayer\OpenJDK\bin\zip.dll
0x00007ff901630000 - 0x00007ff901d74000 	C:\Windows\System32\SHELL32.dll
0x00007ff8fea30000 - 0x00007ff8ff1cb000 	C:\Windows\SYSTEM32\windows.storage.dll
0x00007ff9029e0000 - 0x00007ff902d34000 	C:\Windows\System32\combase.dll
0x00007ff9003d0000 - 0x00007ff9003fd000 	C:\Windows\SYSTEM32\Wldp.dll
0x00007ff9021b0000 - 0x00007ff90225d000 	C:\Windows\System32\SHCORE.dll
0x00007ff902260000 - 0x00007ff9022b5000 	C:\Windows\System32\shlwapi.dll
0x00007ff9008c0000 - 0x00007ff9008e5000 	C:\Windows\SYSTEM32\profapi.dll
0x00007ff86c910000 - 0x00007ff86c929000 	C:\Program Files\Unity\Hub\Editor\2022.3.9f1\Editor\Data\PlaybackEngines\AndroidPlayer\OpenJDK\bin\net.dll
0x00007ff8f2480000 - 0x00007ff8f258a000 	C:\Windows\SYSTEM32\WINHTTP.dll
0x00007ff9000c0000 - 0x00007ff90012a000 	C:\Windows\system32\mswsock.dll
0x00007ff86c8f0000 - 0x00007ff86c903000 	C:\Program Files\Unity\Hub\Editor\2022.3.9f1\Editor\Data\PlaybackEngines\AndroidPlayer\OpenJDK\bin\nio.dll
0x00007ff86c8c0000 - 0x00007ff86c8e7000 	C:\Users\borok\.gradle\native\e1d6ef7f7dcc3fd88c89a11ec53ec762bb8ba0a96d01ffa2cd45eb1d1d8dd5c5\windows-amd64\native-platform.dll
0x00007ff8a0520000 - 0x00007ff8a0529000 	C:\Program Files\Unity\Hub\Editor\2022.3.9f1\Editor\Data\PlaybackEngines\AndroidPlayer\OpenJDK\bin\management.dll
0x00007ff89ffe0000 - 0x00007ff89ffeb000 	C:\Program Files\Unity\Hub\Editor\2022.3.9f1\Editor\Data\PlaybackEngines\AndroidPlayer\OpenJDK\bin\management_ext.dll

dbghelp: loaded successfully - version: 4.0.5 - missing functions: none
symbol engine: initialized successfully - sym options: 0x614 - pdb path: .;C:\Program Files\Unity\Hub\Editor\2022.3.9f1\Editor\Data\PlaybackEngines\AndroidPlayer\OpenJDK\bin;C:\Windows\SYSTEM32;C:\Windows\WinSxS\amd64_microsoft.windows.common-controls_6595b64144ccf1df_6.0.19041.3570_none_60bb2a3971f3e41a;C:\Program Files\Unity\Hub\Editor\2022.3.9f1\Editor\Data\PlaybackEngines\AndroidPlayer\OpenJDK\bin\server;C:\Users\borok\.gradle\native\e1d6ef7f7dcc3fd88c89a11ec53ec762bb8ba0a96d01ffa2cd45eb1d1d8dd5c5\windows-amd64

VM Arguments:
jvm_args: -Dfile.encoding=UTF-8 
java_command: org.gradle.launcher.GradleMain -Dorg.gradle.jvmargs=-Xmx4096m --stop
java_class_path (initial): C:\Program Files\Unity\Hub\Editor\2022.3.9f1\Editor\Data\PlaybackEngines\AndroidPlayer\Tools\gradle\lib\gradle-launcher-7.2.jar
Launcher Type: SUN_STANDARD

[Global flags]
     intx CICompilerCount                          = 4                                         {product} {ergonomic}
     uint ConcGCThreads                            = 2                                         {product} {ergonomic}
     uint G1ConcRefinementThreads                  = 8                                         {product} {ergonomic}
   size_t G1HeapRegionSize                         = 1048576                                   {product} {ergonomic}
    uintx GCDrainStackTargetSize                   = 64                                        {product} {ergonomic}
   size_t InitialHeapSize                          = 266338304                                 {product} {ergonomic}
   size_t MarkStackSize                            = 4194304                                   {product} {ergonomic}
   size_t MaxHeapSize                              = 4255121408                                {product} {ergonomic}
   size_t MaxNewSize                               = 2552233984                                {product} {ergonomic}
   size_t MinHeapDeltaBytes                        = 1048576                                   {product} {ergonomic}
    uintx NonNMethodCodeHeapSize                   = 5836300                                {pd product} {ergonomic}
    uintx NonProfiledCodeHeapSize                  = 122910970                              {pd product} {ergonomic}
    uintx ProfiledCodeHeapSize                     = 122910970                              {pd product} {ergonomic}
    uintx ReservedCodeCacheSize                    = 251658240                              {pd product} {ergonomic}
     bool SegmentedCodeCache                       = true                                      {product} {ergonomic}
     bool UseCompressedClassPointers               = true                                 {lp64_product} {ergonomic}
     bool UseCompressedOops                        = true                                 {lp64_product} {ergonomic}
     bool UseG1GC                                  = true                                      {product} {ergonomic}
     bool UseLargePagesIndividualAllocation        = false                                  {pd product} {ergonomic}

Logging:
Log output configuration:
 #0: stdout all=warning uptime,level,tags
 #1: stderr all=off uptime,level,tags

Environment Variables:
JAVA_HOME=C:\Program Files\Unity\Hub\Editor\2022.3.9f1\Editor\Data\PlaybackEngines\AndroidPlayer\OpenJDK
JAVA_TOOL_OPTIONS=-Dfile.encoding=UTF-8
PATH=C:\Windows\system32;C:\Windows;C:\Windows\System32\Wbem;C:\Windows\System32\WindowsPowerShell\v1.0\;C:\Windows\System32\OpenSSH\;C:\Program Files (x86)\NVIDIA Corporation\PhysX\Common;C:\Program Files\NVIDIA Corporation\NVIDIA NvDLISR;C:\Users\borok\AppData\Local\Microsoft\WindowsApps;C:\Users\borok\AppData\Local\GitHubDesktop\bin
USERNAME=borok
OS=Windows_NT
PROCESSOR_IDENTIFIER=Intel64 Family 6 Model 158 Stepping 10, GenuineIntel



---------------  S Y S T E M  ---------------

OS: Windows 10 , 64 bit Build 19041 (10.0.19041.3570)
OS uptime: 1 days 21:22 hours

CPU:total 8 (initial active 8) (4 cores per cpu, 2 threads per core) family 6 model 158 stepping 10 microcode 0xb4, cmov, cx8, fxsr, mmx, sse, sse2, sse3, ssse3, sse4.1, sse4.2, popcnt, avx, avx2, aes, clmul, erms, 3dnowpref, lzcnt, ht, tsc, tscinvbit, bmi1, bmi2, adx, fma

Memory: 4k page, system-wide physical 16226M (6209M free)
TotalPageFile size 24369M (AvailPageFile size 8235M)
current process WorkingSet (physical memory assigned to process): 104M, peak: 104M
current process commit charge ("private bytes"): 363M, peak: 363M

vm_info: OpenJDK 64-Bit Server VM (11.0.14.1+1) for windows-amd64 JRE (11.0.14.1+1), built on Feb  9 2022 01:48:27 by "" with unknown MS VC++:1916

END.
